[0m14:07:43.108147 [debug] [MainThread]: Sending event: {'category': 'dbt', 'action': 'invocation', 'label': 'start', 'context': [<snowplow_tracker.self_describing_json.SelfDescribingJson object at 0x000001A0D8C45D90>, <snowplow_tracker.self_describing_json.SelfDescribingJson object at 0x000001A0D8C44B60>, <snowplow_tracker.self_describing_json.SelfDescribingJson object at 0x000001A0D8D814C0>]}


============================== 14:07:43.185970 | 91d6413d-a6db-46da-b1dc-1c15cb36b7c2 ==============================
[0m14:07:43.185970 [info ] [MainThread]: Running with dbt=1.11.7
[0m14:07:43.186972 [debug] [MainThread]: running dbt with arguments {'static_parser': 'True', 'no_print': 'None', 'version_check': 'True', 'target_path': 'None', 'warn_error_options': 'WarnErrorOptionsV2(error=[], warn=[], silence=[])', 'printer_width': '80', 'write_json': 'True', 'introspect': 'True', 'log_cache_events': 'False', 'empty': 'None', 'cache_selected_only': 'False', 'log_format': 'default', 'debug': 'False', 'fail_fast': 'False', 'profiles_dir': 'C:\\Users\\Ighor Martins\\.dbt', 'send_anonymous_usage_stats': 'True', 'quiet': 'False', 'warn_error': 'None', 'partial_parse': 'True', 'invocation_command': 'dbt init', 'indirect_selection': 'eager', 'use_colors': 'True', 'use_experimental_parser': 'False', 'log_path': 'logs'}
[0m14:07:43.472874 [info ] [MainThread]: Creating dbt configuration folder at C:\Users\Ighor Martins\.dbt
[0m14:12:15.292828 [debug] [MainThread]: Starter project path: C:\AWS_DBT_Snowflake\.venv\Lib\site-packages\dbt\include\starter_project
[0m14:12:15.334451 [info ] [MainThread]: 
Your new dbt project "aws_dbt_snowflake_project" was created!

For more information on how to configure the profiles.yml file,
please consult the dbt documentation here:

  https://docs.getdbt.com/docs/configure-your-profile

One more thing:

Need help? Don't hesitate to reach out to us via GitHub issues or on Slack:

  https://community.getdbt.com/

Happy modeling!

[0m14:12:15.335438 [info ] [MainThread]: Setting up your profile.
[0m14:13:02.892025 [debug] [MainThread]: Snowflake adapter: Setting snowflake.connector to ERROR (file logging only)
[0m14:13:02.892539 [debug] [MainThread]: Snowflake adapter: Setting botocore to ERROR (file logging only)
[0m14:13:02.892539 [debug] [MainThread]: Snowflake adapter: Setting boto3 to ERROR (file logging only)
[0m14:17:00.801956 [info ] [MainThread]: Profile aws_dbt_snowflake_project written to C:\Users\Ighor Martins\.dbt\profiles.yml using target's profile_template.yml and your supplied values. Run 'dbt debug' to validate the connection.
[0m14:17:00.803430 [debug] [MainThread]: Command `dbt init` succeeded at 14:17:00.803430 after 559.36 seconds
[0m14:17:00.803430 [debug] [MainThread]: Sending event: {'category': 'dbt', 'action': 'invocation', 'label': 'end', 'context': [<snowplow_tracker.self_describing_json.SelfDescribingJson object at 0x000001A0D9A77B00>, <snowplow_tracker.self_describing_json.SelfDescribingJson object at 0x000001A0DAF8DE80>, <snowplow_tracker.self_describing_json.SelfDescribingJson object at 0x000001A0DB6AC740>]}
[0m14:17:00.804438 [debug] [MainThread]: Flushing usage events
[0m14:17:02.390554 [debug] [MainThread]: An error was encountered while trying to flush usage events
[0m14:17:16.373523 [debug] [MainThread]: Sending event: {'category': 'dbt', 'action': 'invocation', 'label': 'start', 'context': [<snowplow_tracker.self_describing_json.SelfDescribingJson object at 0x00000272ECA24B00>, <snowplow_tracker.self_describing_json.SelfDescribingJson object at 0x00000272EC5DF7A0>, <snowplow_tracker.self_describing_json.SelfDescribingJson object at 0x00000272EC949D30>]}


============================== 14:17:16.377760 | 47cf6b73-75ca-4646-8e6f-594ccd556a39 ==============================
[0m14:17:16.377760 [info ] [MainThread]: Running with dbt=1.11.7
[0m14:17:16.378764 [debug] [MainThread]: running dbt with arguments {'static_parser': 'True', 'no_print': 'None', 'version_check': 'True', 'warn_error_options': 'WarnErrorOptionsV2(error=[], warn=[], silence=[])', 'target_path': 'None', 'printer_width': '80', 'write_json': 'True', 'introspect': 'True', 'log_cache_events': 'False', 'empty': 'None', 'cache_selected_only': 'False', 'fail_fast': 'False', 'debug': 'False', 'log_format': 'default', 'profiles_dir': 'C:\\Users\\Ighor Martins\\.dbt', 'send_anonymous_usage_stats': 'True', 'quiet': 'False', 'warn_error': 'None', 'partial_parse': 'True', 'invocation_command': 'dbt debug', 'indirect_selection': 'eager', 'use_colors': 'True', 'use_experimental_parser': 'False', 'log_path': 'logs'}
[0m14:17:16.413428 [info ] [MainThread]: dbt version: 1.11.7
[0m14:17:16.414425 [info ] [MainThread]: python version: 3.12.7
[0m14:17:16.414425 [info ] [MainThread]: python path: C:\AWS_DBT_Snowflake\.venv\Scripts\python.exe
[0m14:17:16.414425 [info ] [MainThread]: os info: Windows-11-10.0.26200-SP0
[0m14:17:16.762524 [debug] [MainThread]: Snowflake adapter: Setting snowflake.connector to ERROR (file logging only)
[0m14:17:16.763642 [debug] [MainThread]: Snowflake adapter: Setting botocore to ERROR (file logging only)
[0m14:17:16.763642 [debug] [MainThread]: Snowflake adapter: Setting boto3 to ERROR (file logging only)
[0m14:17:16.818902 [info ] [MainThread]: Using profiles dir at C:\Users\Ighor Martins\.dbt
[0m14:17:16.819910 [info ] [MainThread]: Using profiles.yml file at C:\Users\Ighor Martins\.dbt\profiles.yml
[0m14:17:16.819910 [info ] [MainThread]: Using dbt_project.yml file at C:\AWS_DBT_Snowflake\dbt_project.yml
[0m14:17:16.824063 [info ] [MainThread]: adapter type: snowflake
[0m14:17:16.824063 [info ] [MainThread]: adapter version: 1.11.3
[0m14:17:16.825284 [info ] [MainThread]: Configuration:
[0m14:17:16.825284 [info ] [MainThread]:   profiles.yml file [[32mOK found and valid[0m]
[0m14:17:16.826290 [info ] [MainThread]:   dbt_project.yml file [[31mERROR not found[0m]
[0m14:17:16.826290 [info ] [MainThread]: Required dependencies:
[0m14:17:16.827294 [debug] [MainThread]: Executing "git --help"
[0m14:17:16.967310 [debug] [MainThread]: STDOUT: "b"usage: git [-v | --version] [-h | --help] [-C <path>] [-c <name>=<value>]\n           [--exec-path[=<path>]] [--html-path] [--man-path] [--info-path]\n           [-p | --paginate | -P | --no-pager] [--no-replace-objects] [--no-lazy-fetch]\n           [--no-optional-locks] [--no-advice] [--bare] [--git-dir=<path>]\n           [--work-tree=<path>] [--namespace=<name>] [--config-env=<name>=<envvar>]\n           <command> [<args>]\n\nThese are common Git commands used in various situations:\n\nstart a working area (see also: git help tutorial)\n   clone      Clone a repository into a new directory\n   init       Create an empty Git repository or reinitialize an existing one\n\nwork on the current change (see also: git help everyday)\n   add        Add file contents to the index\n   mv         Move or rename a file, a directory, or a symlink\n   restore    Restore working tree files\n   rm         Remove files from the working tree and from the index\n\nexamine the history and state (see also: git help revisions)\n   bisect     Use binary search to find the commit that introduced a bug\n   diff       Show changes between commits, commit and working tree, etc\n   grep       Print lines matching a pattern\n   log        Show commit logs\n   show       Show various types of objects\n   status     Show the working tree status\n\ngrow, mark and tweak your common history\n   backfill   Download missing objects in a partial clone\n   branch     List, create, or delete branches\n   commit     Record changes to the repository\n   merge      Join two or more development histories together\n   rebase     Reapply commits on top of another base tip\n   reset      Reset current HEAD to the specified state\n   switch     Switch branches\n   tag        Create, list, delete or verify tags\n\ncollaborate (see also: git help workflows)\n   fetch      Download objects and refs from another repository\n   pull       Fetch from and integrate with another repository or a local branch\n   push       Update remote refs along with associated objects\n\n'git help -a' and 'git help -g' list available subcommands and some\nconcept guides. See 'git help <command>' or 'git help <concept>'\nto read about a specific subcommand or concept.\nSee 'git help git' for an overview of the system.\n""
[0m14:17:16.967310 [debug] [MainThread]: STDERR: "b''"
[0m14:17:16.968307 [info ] [MainThread]:  - git [[32mOK found[0m]

[0m14:17:16.968307 [info ] [MainThread]: Connection:
[0m14:17:16.969306 [info ] [MainThread]:   account: ZPWIRIO-AZ02208
[0m14:17:16.969306 [info ] [MainThread]:   user: IGHORBNK
[0m14:17:16.970308 [info ] [MainThread]:   database: AIRBNB
[0m14:17:16.970308 [info ] [MainThread]:   warehouse: AIRBNB
[0m14:17:16.971307 [info ] [MainThread]:   role: ACCOUNTADMIN
[0m14:17:16.971307 [info ] [MainThread]:   schema: STAGING
[0m14:17:16.971307 [info ] [MainThread]:   authenticator: None
[0m14:17:16.971307 [info ] [MainThread]:   oauth_client_id: None
[0m14:17:16.972484 [info ] [MainThread]:   query_tag: None
[0m14:17:16.972484 [info ] [MainThread]:   client_session_keep_alive: False
[0m14:17:16.973484 [info ] [MainThread]:   host: None
[0m14:17:16.973484 [info ] [MainThread]:   port: None
[0m14:17:16.973484 [info ] [MainThread]:   proxy_host: None
[0m14:17:16.974484 [info ] [MainThread]:   proxy_port: None
[0m14:17:16.975485 [info ] [MainThread]:   protocol: None
[0m14:17:16.975485 [info ] [MainThread]:   connect_retries: 1
[0m14:17:16.975485 [info ] [MainThread]:   connect_timeout: None
[0m14:17:16.976484 [info ] [MainThread]:   retry_on_database_errors: False
[0m14:17:16.976484 [info ] [MainThread]:   retry_all: False
[0m14:17:16.977810 [info ] [MainThread]:   insecure_mode: False
[0m14:17:16.977810 [info ] [MainThread]:   reuse_connections: True
[0m14:17:16.979103 [info ] [MainThread]:   s3_stage_vpce_dns_name: None
[0m14:17:16.980111 [info ] [MainThread]:   platform_detection_timeout_seconds: 0.0
[0m14:17:16.980714 [info ] [MainThread]: Registered adapter: snowflake=1.11.3
[0m14:17:17.324282 [debug] [MainThread]: Acquiring new snowflake connection 'debug'
[0m14:17:17.567045 [debug] [MainThread]: Using snowflake connection "debug"
[0m14:17:17.567045 [debug] [MainThread]: On debug: select 1 as id
[0m14:17:17.567045 [debug] [MainThread]: Opening a new connection, currently in state init
[0m14:17:19.243278 [debug] [MainThread]: Snowflake adapter: Error running SQL: select 1 as id
[0m14:17:19.244718 [debug] [MainThread]: Snowflake adapter: Rolling back transaction.
[0m14:17:19.244718 [info ] [MainThread]:   Connection test: [[31mERROR[0m]

[0m14:17:19.245723 [info ] [MainThread]: [31m2 checks failed:[0m
[0m14:17:19.245723 [info ] [MainThread]: Project loading failed for the following reason:
 project path <C:\AWS_DBT_Snowflake\dbt_project.yml> not found

[0m14:17:19.247228 [info ] [MainThread]: dbt was unable to connect to the specified database.
The database returned the following error:

  >Database Error
  250001 (08001): Failed to connect to DB: ZPWIRIO-AZ02208.snowflakecomputing.com:443. Incorrect username or password was specified.

Check your database credentials and try again. For more information, visit:
https://docs.getdbt.com/docs/configure-your-profile


[0m14:17:19.248233 [debug] [MainThread]: Command `dbt debug` failed at 14:17:19.247228 after 3.09 seconds
[0m14:17:19.248233 [debug] [MainThread]: Connection 'debug' was left open.
[0m14:17:19.248233 [debug] [MainThread]: On debug: No close available on handle
[0m14:17:19.249233 [debug] [MainThread]: Sending event: {'category': 'dbt', 'action': 'invocation', 'label': 'end', 'context': [<snowplow_tracker.self_describing_json.SelfDescribingJson object at 0x00000272EC5B12B0>, <snowplow_tracker.self_describing_json.SelfDescribingJson object at 0x00000272EF1086B0>, <snowplow_tracker.self_describing_json.SelfDescribingJson object at 0x00000272E92B9940>]}
[0m14:17:19.249233 [debug] [MainThread]: Flushing usage events
[0m14:17:20.293156 [debug] [MainThread]: An error was encountered while trying to flush usage events
[0m14:28:00.319475 [debug] [MainThread]: Sending event: {'category': 'dbt', 'action': 'invocation', 'label': 'start', 'context': [<snowplow_tracker.self_describing_json.SelfDescribingJson object at 0x000001D91C8FCEC0>, <snowplow_tracker.self_describing_json.SelfDescribingJson object at 0x000001D91C8FCE60>, <snowplow_tracker.self_describing_json.SelfDescribingJson object at 0x000001D91C747A40>]}


============================== 14:28:00.324774 | 18fbb7e4-d48d-4141-8db6-39142206eeaa ==============================
[0m14:28:00.324774 [info ] [MainThread]: Running with dbt=1.11.7
[0m14:28:00.324774 [debug] [MainThread]: running dbt with arguments {'version_check': 'True', 'no_print': 'None', 'static_parser': 'True', 'warn_error_options': 'WarnErrorOptionsV2(error=[], warn=[], silence=[])', 'target_path': 'None', 'printer_width': '80', 'write_json': 'True', 'introspect': 'True', 'log_cache_events': 'False', 'empty': 'None', 'cache_selected_only': 'False', 'fail_fast': 'False', 'debug': 'False', 'log_format': 'default', 'partial_parse': 'True', 'send_anonymous_usage_stats': 'True', 'quiet': 'False', 'warn_error': 'None', 'profiles_dir': 'C:\\Users\\Ighor Martins\\.dbt', 'invocation_command': 'dbt debug', 'use_colors': 'True', 'indirect_selection': 'eager', 'use_experimental_parser': 'False', 'log_path': 'logs'}
[0m14:28:00.341428 [info ] [MainThread]: dbt version: 1.11.7
[0m14:28:00.341428 [info ] [MainThread]: python version: 3.12.7
[0m14:28:00.342762 [info ] [MainThread]: python path: C:\AWS_DBT_Snowflake\.venv\Scripts\python.exe
[0m14:28:00.343129 [info ] [MainThread]: os info: Windows-11-10.0.26200-SP0
[0m14:28:00.662174 [debug] [MainThread]: Snowflake adapter: Setting snowflake.connector to ERROR (file logging only)
[0m14:28:00.663197 [debug] [MainThread]: Snowflake adapter: Setting botocore to ERROR (file logging only)
[0m14:28:00.663197 [debug] [MainThread]: Snowflake adapter: Setting boto3 to ERROR (file logging only)
[0m14:28:00.720997 [info ] [MainThread]: Using profiles dir at C:\Users\Ighor Martins\.dbt
[0m14:28:00.721593 [info ] [MainThread]: Using profiles.yml file at C:\Users\Ighor Martins\.dbt\profiles.yml
[0m14:28:00.721593 [info ] [MainThread]: Using dbt_project.yml file at C:\AWS_DBT_Snowflake\dbt_project.yml
[0m14:28:00.722727 [info ] [MainThread]: adapter type: snowflake
[0m14:28:00.723635 [info ] [MainThread]: adapter version: 1.11.3
[0m14:28:00.723635 [info ] [MainThread]: Configuration:
[0m14:28:00.724710 [info ] [MainThread]:   profiles.yml file [[32mOK found and valid[0m]
[0m14:28:00.724710 [info ] [MainThread]:   dbt_project.yml file [[31mERROR not found[0m]
[0m14:28:00.724710 [info ] [MainThread]: Required dependencies:
[0m14:28:00.724710 [debug] [MainThread]: Executing "git --help"
[0m14:28:00.804780 [debug] [MainThread]: STDOUT: "b"usage: git [-v | --version] [-h | --help] [-C <path>] [-c <name>=<value>]\n           [--exec-path[=<path>]] [--html-path] [--man-path] [--info-path]\n           [-p | --paginate | -P | --no-pager] [--no-replace-objects] [--no-lazy-fetch]\n           [--no-optional-locks] [--no-advice] [--bare] [--git-dir=<path>]\n           [--work-tree=<path>] [--namespace=<name>] [--config-env=<name>=<envvar>]\n           <command> [<args>]\n\nThese are common Git commands used in various situations:\n\nstart a working area (see also: git help tutorial)\n   clone      Clone a repository into a new directory\n   init       Create an empty Git repository or reinitialize an existing one\n\nwork on the current change (see also: git help everyday)\n   add        Add file contents to the index\n   mv         Move or rename a file, a directory, or a symlink\n   restore    Restore working tree files\n   rm         Remove files from the working tree and from the index\n\nexamine the history and state (see also: git help revisions)\n   bisect     Use binary search to find the commit that introduced a bug\n   diff       Show changes between commits, commit and working tree, etc\n   grep       Print lines matching a pattern\n   log        Show commit logs\n   show       Show various types of objects\n   status     Show the working tree status\n\ngrow, mark and tweak your common history\n   backfill   Download missing objects in a partial clone\n   branch     List, create, or delete branches\n   commit     Record changes to the repository\n   merge      Join two or more development histories together\n   rebase     Reapply commits on top of another base tip\n   reset      Reset current HEAD to the specified state\n   switch     Switch branches\n   tag        Create, list, delete or verify tags\n\ncollaborate (see also: git help workflows)\n   fetch      Download objects and refs from another repository\n   pull       Fetch from and integrate with another repository or a local branch\n   push       Update remote refs along with associated objects\n\n'git help -a' and 'git help -g' list available subcommands and some\nconcept guides. See 'git help <command>' or 'git help <concept>'\nto read about a specific subcommand or concept.\nSee 'git help git' for an overview of the system.\n""
[0m14:28:00.805801 [debug] [MainThread]: STDERR: "b''"
[0m14:28:00.805801 [info ] [MainThread]:  - git [[32mOK found[0m]

[0m14:28:00.806787 [info ] [MainThread]: Connection:
[0m14:28:00.806787 [info ] [MainThread]:   account: ZPWIRIO-AZ02208
[0m14:28:00.807787 [info ] [MainThread]:   user: IGHORBNK
[0m14:28:00.807787 [info ] [MainThread]:   database: AIRBNB
[0m14:28:00.808786 [info ] [MainThread]:   warehouse: AIRBNB
[0m14:28:00.808786 [info ] [MainThread]:   role: ACCOUNTADMIN
[0m14:28:00.808786 [info ] [MainThread]:   schema: STAGING
[0m14:28:00.809786 [info ] [MainThread]:   authenticator: None
[0m14:28:00.809786 [info ] [MainThread]:   oauth_client_id: None
[0m14:28:00.809786 [info ] [MainThread]:   query_tag: None
[0m14:28:00.810782 [info ] [MainThread]:   client_session_keep_alive: False
[0m14:28:00.811295 [info ] [MainThread]:   host: None
[0m14:28:00.811295 [info ] [MainThread]:   port: None
[0m14:28:00.812298 [info ] [MainThread]:   proxy_host: None
[0m14:28:00.812298 [info ] [MainThread]:   proxy_port: None
[0m14:28:00.813297 [info ] [MainThread]:   protocol: None
[0m14:28:00.813901 [info ] [MainThread]:   connect_retries: 1
[0m14:28:00.813901 [info ] [MainThread]:   connect_timeout: None
[0m14:28:00.814909 [info ] [MainThread]:   retry_on_database_errors: False
[0m14:28:00.814909 [info ] [MainThread]:   retry_all: False
[0m14:28:00.815908 [info ] [MainThread]:   insecure_mode: False
[0m14:28:00.816415 [info ] [MainThread]:   reuse_connections: True
[0m14:28:00.816415 [info ] [MainThread]:   s3_stage_vpce_dns_name: None
[0m14:28:00.817427 [info ] [MainThread]:   platform_detection_timeout_seconds: 0.0
[0m14:28:00.818605 [info ] [MainThread]: Registered adapter: snowflake=1.11.3
[0m14:28:01.125257 [debug] [MainThread]: Acquiring new snowflake connection 'debug'
[0m14:28:01.240816 [debug] [MainThread]: Using snowflake connection "debug"
[0m14:28:01.242176 [debug] [MainThread]: On debug: select 1 as id
[0m14:28:01.242176 [debug] [MainThread]: Opening a new connection, currently in state init
[0m14:28:03.143356 [debug] [MainThread]: SQL status: SUCCESS 1 in 1.902 seconds
[0m14:28:03.144484 [info ] [MainThread]:   Connection test: [[32mOK connection ok[0m]

[0m14:28:03.145381 [info ] [MainThread]: [31m1 check failed:[0m
[0m14:28:03.146887 [info ] [MainThread]: Project loading failed for the following reason:
 project path <C:\AWS_DBT_Snowflake\dbt_project.yml> not found

[0m14:28:03.147906 [debug] [MainThread]: Command `dbt debug` failed at 14:28:03.147906 after 2.99 seconds
[0m14:28:03.147906 [debug] [MainThread]: Connection 'debug' was left open.
[0m14:28:03.147906 [debug] [MainThread]: On debug: Close
[0m14:28:03.279686 [debug] [MainThread]: Sending event: {'category': 'dbt', 'action': 'invocation', 'label': 'end', 'context': [<snowplow_tracker.self_describing_json.SelfDescribingJson object at 0x000001D91BCFCCE0>, <snowplow_tracker.self_describing_json.SelfDescribingJson object at 0x000001D91F66F8F0>, <snowplow_tracker.self_describing_json.SelfDescribingJson object at 0x000001D91F172060>]}
[0m14:28:03.281192 [debug] [MainThread]: Flushing usage events
[0m14:28:04.527115 [debug] [MainThread]: An error was encountered while trying to flush usage events
